<?xml version="1.0" encoding="utf-8"?><testsuites><testsuite name="pytest" errors="1" failures="0" skipped="0" tests="1" time="0.140" timestamp="2020-10-21T09:34:43.034658" hostname="MacBook-Pro.local"><testcase classname="" name="app.test.test_randomData" time="0.000"><error message="collection failure">ImportError while importing test module '/Users/samking/Downloads/fun-stuff/DroneResourceDelivery/app/test/test_randomData.py'.
Hint: make sure your test modules/packages have valid Python names.
Traceback:
/usr/local/Cellar/python@3.8/3.8.5/Frameworks/Python.framework/Versions/3.8/lib/python3.8/importlib/__init__.py:127: in import_module
    return _bootstrap._gcd_import(name[level:], package, level)
app/test/test_randomData.py:11: in &lt;module&gt;
    import getRandomData
E   ModuleNotFoundError: No module named 'getRandomData'</error></testcase></testsuite></testsuites>